{
"/home/debayansingha/Desktop/standard-period-selector-ext/src/standard-period-selector.js":{"path":"/home/debayansingha/Desktop/standard-period-selector-ext/src/standard-period-selector.js","s":{"1":2,"2":2,"3":2,"4":2,"5":2,"6":2,"7":2,"8":2,"9":2,"10":2,"11":2,"12":2,"13":8,"14":6,"15":2,"16":2,"17":0,"18":0,"19":2,"20":2,"21":0},"b":{"1":[6,2],"2":[2,0],"3":[2,2]},"f":{"1":2,"2":2,"3":0,"4":0,"5":0,"6":0,"7":0,"8":0,"9":0,"10":0},"fnMap":{"1":{"name":"(anonymous_1)","line":4,"loc":{"start":{"line":4,"column":14},"end":{"line":4,"column":17}}},"2":{"name":"(anonymous_2)","line":39,"loc":{"start":{"line":39,"column":37},"end":{"line":39,"column":40}}},"3":{"name":"(anonymous_3)","line":54,"loc":{"start":{"line":54,"column":14},"end":{"line":54,"column":17}}},"4":{"name":"(anonymous_4)","line":56,"loc":{"start":{"line":56,"column":29},"end":{"line":56,"column":32}}},"5":{"name":"(anonymous_5)","line":58,"loc":{"start":{"line":58,"column":12},"end":{"line":58,"column":21}}},"6":{"name":"(anonymous_6)","line":62,"loc":{"start":{"line":62,"column":7},"end":{"line":62,"column":17}}},"7":{"name":"(anonymous_7)","line":64,"loc":{"start":{"line":64,"column":6},"end":{"line":64,"column":63}}},"8":{"name":"(anonymous_8)","line":69,"loc":{"start":{"line":69,"column":16},"end":{"line":69,"column":19}}},"9":{"name":"(anonymous_9)","line":71,"loc":{"start":{"line":71,"column":7},"end":{"line":71,"column":10}}},"10":{"name":"(anonymous_10)","line":75,"loc":{"start":{"line":75,"column":10},"end":{"line":75,"column":13}}}},"statementMap":{"1":{"start":{"line":5,"column":4},"end":{"line":5,"column":17}},"2":{"start":{"line":6,"column":4},"end":{"line":6,"column":32}},"3":{"start":{"line":7,"column":4},"end":{"line":7,"column":26}},"4":{"start":{"line":8,"column":4},"end":{"line":8,"column":32}},"5":{"start":{"line":9,"column":4},"end":{"line":9,"column":39}},"6":{"start":{"line":10,"column":4},"end":{"line":10,"column":37}},"7":{"start":{"line":11,"column":4},"end":{"line":35,"column":7}},"8":{"start":{"line":36,"column":4},"end":{"line":36,"column":21}},"9":{"start":{"line":40,"column":4},"end":{"line":40,"column":58}},"10":{"start":{"line":41,"column":4},"end":{"line":41,"column":38}},"11":{"start":{"line":42,"column":4},"end":{"line":42,"column":14}},"12":{"start":{"line":44,"column":4},"end":{"line":48,"column":5}},"13":{"start":{"line":45,"column":6},"end":{"line":47,"column":7}},"14":{"start":{"line":46,"column":8},"end":{"line":46,"column":64}},"15":{"start":{"line":50,"column":4},"end":{"line":50,"column":54}},"16":{"start":{"line":51,"column":4},"end":{"line":51,"column":36}},"17":{"start":{"line":59,"column":4},"end":{"line":59,"column":25}},"18":{"start":{"line":63,"column":4},"end":{"line":66,"column":9}},"19":{"start":{"line":78,"column":0},"end":{"line":82,"column":1}},"20":{"start":{"line":79,"column":2},"end":{"line":79,"column":42}},"21":{"start":{"line":81,"column":2},"end":{"line":81,"column":49}}},"branchMap":{"1":{"line":45,"type":"if","locations":[{"start":{"line":45,"column":6},"end":{"line":45,"column":6}},{"start":{"line":45,"column":6},"end":{"line":45,"column":6}}]},"2":{"line":78,"type":"if","locations":[{"start":{"line":78,"column":0},"end":{"line":78,"column":0}},{"start":{"line":78,"column":0},"end":{"line":78,"column":0}}]},"3":{"line":78,"type":"binary-expr","locations":[{"start":{"line":78,"column":4},"end":{"line":78,"column":33}},{"start":{"line":78,"column":37},"end":{"line":78,"column":74}}]}},"l":{"5":2,"6":2,"7":2,"8":2,"9":2,"10":2,"11":2,"36":2,"40":2,"41":2,"42":2,"44":2,"45":8,"46":6,"50":2,"51":2,"59":0,"63":0,"78":2,"79":2,"81":0}}}
