{"/opt/lampp/htdocs/standard-period-selector/src/standard-period-selector.js": {"path":"/opt/lampp/htdocs/standard-period-selector/src/standard-period-selector.js","statementMap":{"0":{"start":{"line":6,"column":0},"end":{"line":965,"column":2}},"1":{"start":{"line":44,"column":17},"end":{"line":44,"column":21}},"2":{"start":{"line":45,"column":6},"end":{"line":45,"column":21}},"3":{"start":{"line":46,"column":6},"end":{"line":46,"column":65}},"4":{"start":{"line":47,"column":6},"end":{"line":47,"column":62}},"5":{"start":{"line":48,"column":6},"end":{"line":48,"column":56}},"6":{"start":{"line":49,"column":6},"end":{"line":49,"column":50}},"7":{"start":{"line":50,"column":6},"end":{"line":50,"column":19}},"8":{"start":{"line":51,"column":6},"end":{"line":51,"column":34}},"9":{"start":{"line":52,"column":6},"end":{"line":52,"column":28}},"10":{"start":{"line":54,"column":6},"end":{"line":54,"column":33}},"11":{"start":{"line":55,"column":6},"end":{"line":55,"column":31}},"12":{"start":{"line":56,"column":6},"end":{"line":56,"column":42}},"13":{"start":{"line":57,"column":6},"end":{"line":57,"column":41}},"14":{"start":{"line":58,"column":6},"end":{"line":58,"column":30}},"15":{"start":{"line":59,"column":6},"end":{"line":59,"column":36}},"16":{"start":{"line":60,"column":6},"end":{"line":60,"column":29}},"17":{"start":{"line":61,"column":6},"end":{"line":61,"column":29}},"18":{"start":{"line":62,"column":6},"end":{"line":62,"column":28}},"19":{"start":{"line":63,"column":6},"end":{"line":63,"column":24}},"20":{"start":{"line":64,"column":6},"end":{"line":64,"column":27}},"21":{"start":{"line":65,"column":6},"end":{"line":68,"column":8}},"22":{"start":{"line":70,"column":6},"end":{"line":115,"column":8}},"23":{"start":{"line":116,"column":6},"end":{"line":122,"column":8}},"24":{"start":{"line":124,"column":6},"end":{"line":124,"column":25}},"25":{"start":{"line":126,"column":6},"end":{"line":142,"column":8}},"26":{"start":{"line":127,"column":8},"end":{"line":127,"column":42}},"27":{"start":{"line":128,"column":8},"end":{"line":128,"column":38}},"28":{"start":{"line":130,"column":8},"end":{"line":141,"column":9}},"29":{"start":{"line":131,"column":10},"end":{"line":137,"column":11}},"30":{"start":{"line":132,"column":12},"end":{"line":132,"column":38}},"31":{"start":{"line":133,"column":12},"end":{"line":136,"column":31}},"32":{"start":{"line":134,"column":14},"end":{"line":134,"column":41}},"33":{"start":{"line":135,"column":14},"end":{"line":135,"column":41}},"34":{"start":{"line":139,"column":10},"end":{"line":139,"column":31}},"35":{"start":{"line":140,"column":10},"end":{"line":140,"column":37}},"36":{"start":{"line":147,"column":17},"end":{"line":147,"column":21}},"37":{"start":{"line":148,"column":24},"end":{"line":148,"column":47}},"38":{"start":{"line":150,"column":6},"end":{"line":152,"column":7}},"39":{"start":{"line":151,"column":8},"end":{"line":151,"column":36}},"40":{"start":{"line":156,"column":17},"end":{"line":156,"column":21}},"41":{"start":{"line":158,"column":12},"end":{"line":158,"column":13}},"42":{"start":{"line":159,"column":12},"end":{"line":159,"column":13}},"43":{"start":{"line":160,"column":23},"end":{"line":160,"column":68}},"44":{"start":{"line":162,"column":26},"end":{"line":162,"column":46}},"45":{"start":{"line":163,"column":24},"end":{"line":163,"column":47}},"46":{"start":{"line":164,"column":22},"end":{"line":164,"column":38}},"47":{"start":{"line":165,"column":19},"end":{"line":165,"column":20}},"48":{"start":{"line":168,"column":36},"end":{"line":168,"column":38}},"49":{"start":{"line":169,"column":24},"end":{"line":169,"column":42}},"50":{"start":{"line":171,"column":6},"end":{"line":175,"column":7}},"51":{"start":{"line":172,"column":8},"end":{"line":172,"column":63}},"52":{"start":{"line":173,"column":13},"end":{"line":175,"column":7}},"53":{"start":{"line":174,"column":8},"end":{"line":174,"column":63}},"54":{"start":{"line":177,"column":6},"end":{"line":177,"column":29}},"55":{"start":{"line":178,"column":6},"end":{"line":207,"column":7}},"56":{"start":{"line":179,"column":8},"end":{"line":179,"column":43}},"57":{"start":{"line":180,"column":8},"end":{"line":180,"column":35}},"58":{"start":{"line":181,"column":8},"end":{"line":181,"column":58}},"59":{"start":{"line":183,"column":8},"end":{"line":206,"column":9}},"60":{"start":{"line":185,"column":10},"end":{"line":205,"column":11}},"61":{"start":{"line":186,"column":12},"end":{"line":190,"column":15}},"62":{"start":{"line":192,"column":12},"end":{"line":196,"column":15}},"63":{"start":{"line":198,"column":12},"end":{"line":204,"column":13}},"64":{"start":{"line":199,"column":14},"end":{"line":203,"column":15}},"65":{"start":{"line":201,"column":16},"end":{"line":202,"column":49}},"66":{"start":{"line":209,"column":6},"end":{"line":215,"column":7}},"67":{"start":{"line":210,"column":8},"end":{"line":214,"column":9}},"68":{"start":{"line":211,"column":10},"end":{"line":212,"column":46}},"69":{"start":{"line":213,"column":10},"end":{"line":213,"column":66}},"70":{"start":{"line":216,"column":6},"end":{"line":216,"column":65}},"71":{"start":{"line":217,"column":6},"end":{"line":217,"column":44}},"72":{"start":{"line":224,"column":17},"end":{"line":224,"column":21}},"73":{"start":{"line":225,"column":21},"end":{"line":225,"column":40}},"74":{"start":{"line":227,"column":20},"end":{"line":227,"column":34}},"75":{"start":{"line":233,"column":24},"end":{"line":233,"column":47}},"76":{"start":{"line":234,"column":24},"end":{"line":234,"column":47}},"77":{"start":{"line":237,"column":6},"end":{"line":242,"column":7}},"78":{"start":{"line":238,"column":8},"end":{"line":241,"column":22}},"79":{"start":{"line":244,"column":6},"end":{"line":244,"column":95}},"80":{"start":{"line":246,"column":6},"end":{"line":257,"column":7}},"81":{"start":{"line":247,"column":8},"end":{"line":247,"column":51}},"82":{"start":{"line":248,"column":8},"end":{"line":248,"column":38}},"83":{"start":{"line":249,"column":8},"end":{"line":249,"column":20}},"84":{"start":{"line":250,"column":8},"end":{"line":250,"column":29}},"85":{"start":{"line":251,"column":8},"end":{"line":251,"column":34}},"86":{"start":{"line":252,"column":8},"end":{"line":254,"column":11}},"87":{"start":{"line":256,"column":8},"end":{"line":256,"column":26}},"88":{"start":{"line":262,"column":17},"end":{"line":262,"column":21}},"89":{"start":{"line":265,"column":26},"end":{"line":265,"column":46}},"90":{"start":{"line":266,"column":20},"end":{"line":266,"column":34}},"91":{"start":{"line":267,"column":23},"end":{"line":267,"column":40}},"92":{"start":{"line":268,"column":21},"end":{"line":268,"column":36}},"93":{"start":{"line":269,"column":28},"end":{"line":269,"column":50}},"94":{"start":{"line":270,"column":26},"end":{"line":270,"column":46}},"95":{"start":{"line":271,"column":24},"end":{"line":271,"column":47}},"96":{"start":{"line":272,"column":24},"end":{"line":272,"column":47}},"97":{"start":{"line":275,"column":6},"end":{"line":317,"column":7}},"98":{"start":{"line":276,"column":8},"end":{"line":279,"column":9}},"99":{"start":{"line":277,"column":10},"end":{"line":277,"column":32}},"100":{"start":{"line":278,"column":10},"end":{"line":278,"column":38}},"101":{"start":{"line":280,"column":13},"end":{"line":317,"column":7}},"102":{"start":{"line":281,"column":8},"end":{"line":281,"column":53}},"103":{"start":{"line":282,"column":8},"end":{"line":286,"column":9}},"104":{"start":{"line":284,"column":10},"end":{"line":284,"column":32}},"105":{"start":{"line":285,"column":10},"end":{"line":285,"column":38}},"106":{"start":{"line":287,"column":13},"end":{"line":317,"column":7}},"107":{"start":{"line":288,"column":8},"end":{"line":288,"column":53}},"108":{"start":{"line":289,"column":8},"end":{"line":292,"column":9}},"109":{"start":{"line":290,"column":10},"end":{"line":290,"column":32}},"110":{"start":{"line":291,"column":10},"end":{"line":291,"column":38}},"111":{"start":{"line":294,"column":8},"end":{"line":316,"column":9}},"112":{"start":{"line":295,"column":10},"end":{"line":295,"column":33}},"113":{"start":{"line":296,"column":10},"end":{"line":296,"column":39}},"114":{"start":{"line":298,"column":10},"end":{"line":306,"column":11}},"115":{"start":{"line":299,"column":12},"end":{"line":299,"column":49}},"116":{"start":{"line":300,"column":12},"end":{"line":305,"column":13}},"117":{"start":{"line":302,"column":14},"end":{"line":302,"column":33}},"118":{"start":{"line":303,"column":14},"end":{"line":303,"column":50}},"119":{"start":{"line":304,"column":14},"end":{"line":304,"column":27}},"120":{"start":{"line":307,"column":10},"end":{"line":315,"column":11}},"121":{"start":{"line":308,"column":12},"end":{"line":314,"column":13}},"122":{"start":{"line":309,"column":14},"end":{"line":309,"column":51}},"123":{"start":{"line":310,"column":14},"end":{"line":313,"column":15}},"124":{"start":{"line":311,"column":16},"end":{"line":311,"column":35}},"125":{"start":{"line":312,"column":16},"end":{"line":312,"column":52}},"126":{"start":{"line":319,"column":6},"end":{"line":319,"column":45}},"127":{"start":{"line":320,"column":6},"end":{"line":320,"column":35}},"128":{"start":{"line":328,"column":17},"end":{"line":328,"column":21}},"129":{"start":{"line":329,"column":6},"end":{"line":347,"column":7}},"130":{"start":{"line":330,"column":18},"end":{"line":330,"column":51}},"131":{"start":{"line":331,"column":21},"end":{"line":331,"column":50}},"132":{"start":{"line":332,"column":20},"end":{"line":332,"column":41}},"133":{"start":{"line":333,"column":30},"end":{"line":333,"column":66}},"134":{"start":{"line":334,"column":8},"end":{"line":334,"column":33}},"135":{"start":{"line":335,"column":8},"end":{"line":346,"column":9}},"136":{"start":{"line":336,"column":10},"end":{"line":336,"column":60}},"137":{"start":{"line":337,"column":15},"end":{"line":346,"column":9}},"138":{"start":{"line":338,"column":10},"end":{"line":338,"column":63}},"139":{"start":{"line":339,"column":15},"end":{"line":346,"column":9}},"140":{"start":{"line":340,"column":10},"end":{"line":340,"column":63}},"141":{"start":{"line":341,"column":10},"end":{"line":341,"column":69}},"142":{"start":{"line":343,"column":10},"end":{"line":343,"column":63}},"143":{"start":{"line":344,"column":10},"end":{"line":344,"column":85}},"144":{"start":{"line":345,"column":10},"end":{"line":345,"column":69}},"145":{"start":{"line":348,"column":6},"end":{"line":348,"column":21}},"146":{"start":{"line":352,"column":17},"end":{"line":352,"column":21}},"147":{"start":{"line":354,"column":24},"end":{"line":354,"column":47}},"148":{"start":{"line":356,"column":26},"end":{"line":356,"column":46}},"149":{"start":{"line":357,"column":24},"end":{"line":357,"column":42}},"150":{"start":{"line":358,"column":16},"end":{"line":358,"column":46}},"151":{"start":{"line":359,"column":6},"end":{"line":415,"column":7}},"152":{"start":{"line":360,"column":8},"end":{"line":414,"column":9}},"153":{"start":{"line":361,"column":23},"end":{"line":361,"column":99}},"154":{"start":{"line":362,"column":22},"end":{"line":362,"column":83}},"155":{"start":{"line":363,"column":26},"end":{"line":363,"column":91}},"156":{"start":{"line":364,"column":10},"end":{"line":413,"column":11}},"157":{"start":{"line":365,"column":12},"end":{"line":400,"column":14}},"158":{"start":{"line":368,"column":16},"end":{"line":368,"column":41}},"159":{"start":{"line":369,"column":16},"end":{"line":369,"column":52}},"160":{"start":{"line":370,"column":16},"end":{"line":370,"column":45}},"161":{"start":{"line":371,"column":16},"end":{"line":397,"column":17}},"162":{"start":{"line":372,"column":18},"end":{"line":383,"column":19}},"163":{"start":{"line":376,"column":20},"end":{"line":380,"column":32}},"164":{"start":{"line":382,"column":20},"end":{"line":382,"column":90}},"165":{"start":{"line":385,"column":18},"end":{"line":396,"column":19}},"166":{"start":{"line":389,"column":20},"end":{"line":393,"column":32}},"167":{"start":{"line":395,"column":20},"end":{"line":395,"column":90}},"168":{"start":{"line":402,"column":12},"end":{"line":410,"column":15}},"169":{"start":{"line":411,"column":12},"end":{"line":411,"column":33}},"170":{"start":{"line":412,"column":12},"end":{"line":412,"column":43}},"171":{"start":{"line":421,"column":17},"end":{"line":421,"column":21}},"172":{"start":{"line":422,"column":18},"end":{"line":422,"column":47}},"173":{"start":{"line":423,"column":12},"end":{"line":423,"column":13}},"174":{"start":{"line":424,"column":19},"end":{"line":424,"column":89}},"175":{"start":{"line":425,"column":20},"end":{"line":425,"column":32}},"176":{"start":{"line":426,"column":18},"end":{"line":426,"column":26}},"177":{"start":{"line":427,"column":27},"end":{"line":427,"column":29}},"178":{"start":{"line":428,"column":20},"end":{"line":428,"column":34}},"179":{"start":{"line":429,"column":24},"end":{"line":429,"column":47}},"180":{"start":{"line":430,"column":28},"end":{"line":430,"column":50}},"181":{"start":{"line":431,"column":26},"end":{"line":431,"column":46}},"182":{"start":{"line":433,"column":6},"end":{"line":478,"column":7}},"183":{"start":{"line":434,"column":8},"end":{"line":434,"column":39}},"184":{"start":{"line":435,"column":8},"end":{"line":469,"column":9}},"185":{"start":{"line":436,"column":10},"end":{"line":436,"column":32}},"186":{"start":{"line":437,"column":10},"end":{"line":437,"column":31}},"187":{"start":{"line":438,"column":10},"end":{"line":438,"column":32}},"188":{"start":{"line":439,"column":10},"end":{"line":439,"column":34}},"189":{"start":{"line":440,"column":10},"end":{"line":440,"column":34}},"190":{"start":{"line":441,"column":15},"end":{"line":469,"column":9}},"191":{"start":{"line":442,"column":10},"end":{"line":442,"column":31}},"192":{"start":{"line":443,"column":10},"end":{"line":443,"column":32}},"193":{"start":{"line":444,"column":10},"end":{"line":444,"column":34}},"194":{"start":{"line":445,"column":10},"end":{"line":445,"column":34}},"195":{"start":{"line":446,"column":15},"end":{"line":469,"column":9}},"196":{"start":{"line":447,"column":10},"end":{"line":447,"column":62}},"197":{"start":{"line":448,"column":10},"end":{"line":448,"column":31}},"198":{"start":{"line":449,"column":10},"end":{"line":449,"column":32}},"199":{"start":{"line":450,"column":10},"end":{"line":450,"column":34}},"200":{"start":{"line":451,"column":10},"end":{"line":451,"column":34}},"201":{"start":{"line":452,"column":15},"end":{"line":469,"column":9}},"202":{"start":{"line":453,"column":10},"end":{"line":453,"column":70}},"203":{"start":{"line":454,"column":10},"end":{"line":454,"column":32}},"204":{"start":{"line":455,"column":10},"end":{"line":455,"column":34}},"205":{"start":{"line":456,"column":10},"end":{"line":456,"column":34}},"206":{"start":{"line":457,"column":15},"end":{"line":469,"column":9}},"207":{"start":{"line":458,"column":10},"end":{"line":458,"column":32}},"208":{"start":{"line":459,"column":10},"end":{"line":459,"column":34}},"209":{"start":{"line":460,"column":10},"end":{"line":460,"column":34}},"210":{"start":{"line":461,"column":10},"end":{"line":461,"column":32}},"211":{"start":{"line":462,"column":15},"end":{"line":469,"column":9}},"212":{"start":{"line":463,"column":10},"end":{"line":463,"column":32}},"213":{"start":{"line":464,"column":10},"end":{"line":464,"column":34}},"214":{"start":{"line":465,"column":10},"end":{"line":465,"column":34}},"215":{"start":{"line":466,"column":10},"end":{"line":468,"column":11}},"216":{"start":{"line":467,"column":12},"end":{"line":467,"column":46}},"217":{"start":{"line":471,"column":8},"end":{"line":477,"column":9}},"218":{"start":{"line":472,"column":10},"end":{"line":472,"column":19}},"219":{"start":{"line":474,"column":10},"end":{"line":474,"column":55}},"220":{"start":{"line":475,"column":10},"end":{"line":475,"column":51}},"221":{"start":{"line":476,"column":10},"end":{"line":476,"column":37}},"222":{"start":{"line":479,"column":6},"end":{"line":479,"column":47}},"223":{"start":{"line":480,"column":6},"end":{"line":485,"column":7}},"224":{"start":{"line":481,"column":8},"end":{"line":484,"column":9}},"225":{"start":{"line":482,"column":10},"end":{"line":482,"column":68}},"226":{"start":{"line":483,"column":10},"end":{"line":483,"column":60}},"227":{"start":{"line":489,"column":17},"end":{"line":489,"column":21}},"228":{"start":{"line":491,"column":24},"end":{"line":491,"column":47}},"229":{"start":{"line":494,"column":6},"end":{"line":494,"column":32}},"230":{"start":{"line":495,"column":6},"end":{"line":527,"column":7}},"231":{"start":{"line":496,"column":8},"end":{"line":496,"column":127}},"232":{"start":{"line":497,"column":8},"end":{"line":497,"column":64}},"233":{"start":{"line":498,"column":8},"end":{"line":511,"column":10}},"234":{"start":{"line":502,"column":12},"end":{"line":502,"column":48}},"235":{"start":{"line":503,"column":12},"end":{"line":503,"column":75}},"236":{"start":{"line":504,"column":12},"end":{"line":504,"column":41}},"237":{"start":{"line":505,"column":12},"end":{"line":509,"column":24}},"238":{"start":{"line":513,"column":8},"end":{"line":522,"column":13}},"239":{"start":{"line":524,"column":8},"end":{"line":526,"column":9}},"240":{"start":{"line":525,"column":10},"end":{"line":525,"column":44}},"241":{"start":{"line":532,"column":17},"end":{"line":532,"column":21}},"242":{"start":{"line":540,"column":6},"end":{"line":545,"column":9}},"243":{"start":{"line":546,"column":6},"end":{"line":549,"column":9}},"244":{"start":{"line":552,"column":6},"end":{"line":557,"column":9}},"245":{"start":{"line":560,"column":6},"end":{"line":565,"column":9}},"246":{"start":{"line":566,"column":6},"end":{"line":569,"column":9}},"247":{"start":{"line":570,"column":6},"end":{"line":573,"column":9}},"248":{"start":{"line":576,"column":6},"end":{"line":579,"column":45}},"249":{"start":{"line":580,"column":6},"end":{"line":580,"column":37}},"250":{"start":{"line":583,"column":6},"end":{"line":592,"column":9}},"251":{"start":{"line":584,"column":8},"end":{"line":584,"column":31}},"252":{"start":{"line":585,"column":8},"end":{"line":585,"column":37}},"253":{"start":{"line":586,"column":8},"end":{"line":586,"column":37}},"254":{"start":{"line":587,"column":8},"end":{"line":591,"column":20}},"255":{"start":{"line":593,"column":6},"end":{"line":601,"column":9}},"256":{"start":{"line":603,"column":6},"end":{"line":603,"column":35}},"257":{"start":{"line":605,"column":6},"end":{"line":605,"column":43}},"258":{"start":{"line":614,"column":6},"end":{"line":614,"column":34}},"259":{"start":{"line":615,"column":6},"end":{"line":615,"column":40}},"260":{"start":{"line":616,"column":6},"end":{"line":616,"column":29}},"261":{"start":{"line":617,"column":6},"end":{"line":617,"column":37}},"262":{"start":{"line":618,"column":6},"end":{"line":618,"column":21}},"263":{"start":{"line":624,"column":21},"end":{"line":624,"column":25}},"264":{"start":{"line":625,"column":24},"end":{"line":625,"column":51}},"265":{"start":{"line":626,"column":24},"end":{"line":626,"column":51}},"266":{"start":{"line":630,"column":6},"end":{"line":663,"column":9}},"267":{"start":{"line":652,"column":10},"end":{"line":652,"column":39}},"268":{"start":{"line":653,"column":10},"end":{"line":653,"column":33}},"269":{"start":{"line":654,"column":10},"end":{"line":654,"column":49}},"270":{"start":{"line":655,"column":10},"end":{"line":655,"column":47}},"271":{"start":{"line":656,"column":10},"end":{"line":656,"column":49}},"272":{"start":{"line":657,"column":10},"end":{"line":657,"column":61}},"273":{"start":{"line":658,"column":10},"end":{"line":658,"column":63}},"274":{"start":{"line":659,"column":10},"end":{"line":659,"column":43}},"275":{"start":{"line":660,"column":10},"end":{"line":660,"column":41}},"276":{"start":{"line":661,"column":10},"end":{"line":661,"column":49}},"277":{"start":{"line":664,"column":6},"end":{"line":664,"column":96}},"278":{"start":{"line":665,"column":6},"end":{"line":665,"column":100}},"279":{"start":{"line":666,"column":6},"end":{"line":666,"column":96}},"280":{"start":{"line":667,"column":6},"end":{"line":667,"column":92}},"281":{"start":{"line":668,"column":6},"end":{"line":668,"column":82}},"282":{"start":{"line":669,"column":6},"end":{"line":669,"column":83}},"283":{"start":{"line":670,"column":6},"end":{"line":670,"column":66}},"284":{"start":{"line":671,"column":6},"end":{"line":671,"column":72}},"285":{"start":{"line":672,"column":6},"end":{"line":672,"column":77}},"286":{"start":{"line":673,"column":6},"end":{"line":789,"column":8}},"287":{"start":{"line":790,"column":6},"end":{"line":790,"column":60}},"288":{"start":{"line":791,"column":6},"end":{"line":791,"column":66}},"289":{"start":{"line":792,"column":6},"end":{"line":800,"column":8}},"290":{"start":{"line":801,"column":6},"end":{"line":801,"column":53}},"291":{"start":{"line":802,"column":6},"end":{"line":816,"column":7}},"292":{"start":{"line":803,"column":8},"end":{"line":815,"column":9}},"293":{"start":{"line":804,"column":10},"end":{"line":804,"column":37}},"294":{"start":{"line":805,"column":15},"end":{"line":815,"column":9}},"295":{"start":{"line":806,"column":10},"end":{"line":806,"column":41}},"296":{"start":{"line":808,"column":10},"end":{"line":808,"column":26}},"297":{"start":{"line":809,"column":10},"end":{"line":814,"column":11}},"298":{"start":{"line":810,"column":12},"end":{"line":813,"column":13}},"299":{"start":{"line":811,"column":14},"end":{"line":811,"column":63}},"300":{"start":{"line":812,"column":14},"end":{"line":812,"column":31}},"301":{"start":{"line":819,"column":6},"end":{"line":819,"column":32}},"302":{"start":{"line":820,"column":6},"end":{"line":820,"column":27}},"303":{"start":{"line":821,"column":6},"end":{"line":821,"column":29}},"304":{"start":{"line":822,"column":6},"end":{"line":822,"column":55}},"305":{"start":{"line":824,"column":6},"end":{"line":825,"column":38}},"306":{"start":{"line":826,"column":6},"end":{"line":831,"column":9}},"307":{"start":{"line":827,"column":8},"end":{"line":830,"column":9}},"308":{"start":{"line":828,"column":10},"end":{"line":829,"column":76}},"309":{"start":{"line":832,"column":6},"end":{"line":832,"column":22}},"310":{"start":{"line":838,"column":16},"end":{"line":838,"column":19}},"311":{"start":{"line":839,"column":17},"end":{"line":839,"column":18}},"312":{"start":{"line":842,"column":15},"end":{"line":842,"column":19}},"313":{"start":{"line":844,"column":6},"end":{"line":850,"column":7}},"314":{"start":{"line":845,"column":8},"end":{"line":845,"column":89}},"315":{"start":{"line":847,"column":8},"end":{"line":847,"column":38}},"316":{"start":{"line":848,"column":8},"end":{"line":848,"column":52}},"317":{"start":{"line":849,"column":8},"end":{"line":849,"column":54}},"318":{"start":{"line":851,"column":6},"end":{"line":851,"column":29}},"319":{"start":{"line":852,"column":6},"end":{"line":855,"column":8}},"320":{"start":{"line":859,"column":6},"end":{"line":859,"column":30}},"321":{"start":{"line":863,"column":17},"end":{"line":863,"column":21}},"322":{"start":{"line":864,"column":6},"end":{"line":864,"column":23}},"323":{"start":{"line":865,"column":6},"end":{"line":901,"column":10}},"324":{"start":{"line":867,"column":10},"end":{"line":867,"column":48}},"325":{"start":{"line":870,"column":10},"end":{"line":870,"column":26}},"326":{"start":{"line":873,"column":10},"end":{"line":873,"column":22}},"327":{"start":{"line":876,"column":10},"end":{"line":876,"column":19}},"328":{"start":{"line":879,"column":10},"end":{"line":879,"column":54}},"329":{"start":{"line":883,"column":12},"end":{"line":883,"column":65}},"330":{"start":{"line":887,"column":14},"end":{"line":887,"column":61}},"331":{"start":{"line":891,"column":16},"end":{"line":891,"column":61}},"332":{"start":{"line":894,"column":29},"end":{"line":894,"column":59}},"333":{"start":{"line":895,"column":16},"end":{"line":895,"column":33}},"334":{"start":{"line":896,"column":16},"end":{"line":896,"column":118}},"335":{"start":{"line":905,"column":16},"end":{"line":905,"column":32}},"336":{"start":{"line":906,"column":6},"end":{"line":906,"column":16}},"337":{"start":{"line":907,"column":6},"end":{"line":907,"column":16}},"338":{"start":{"line":908,"column":6},"end":{"line":908,"column":24}},"339":{"start":{"line":909,"column":6},"end":{"line":909,"column":26}},"340":{"start":{"line":911,"column":6},"end":{"line":911,"column":31}},"341":{"start":{"line":913,"column":6},"end":{"line":913,"column":18}},"342":{"start":{"line":918,"column":17},"end":{"line":918,"column":21}},"343":{"start":{"line":919,"column":22},"end":{"line":919,"column":38}},"344":{"start":{"line":920,"column":19},"end":{"line":920,"column":32}},"345":{"start":{"line":924,"column":24},"end":{"line":924,"column":47}},"346":{"start":{"line":925,"column":24},"end":{"line":925,"column":47}},"347":{"start":{"line":926,"column":20},"end":{"line":926,"column":34}},"348":{"start":{"line":928,"column":16},"end":{"line":928,"column":46}},"349":{"start":{"line":929,"column":24},"end":{"line":929,"column":42}},"350":{"start":{"line":930,"column":22},"end":{"line":930,"column":38}},"351":{"start":{"line":932,"column":6},"end":{"line":932,"column":106}},"352":{"start":{"line":933,"column":6},"end":{"line":933,"column":41}},"353":{"start":{"line":935,"column":6},"end":{"line":935,"column":48}},"354":{"start":{"line":938,"column":6},"end":{"line":938,"column":48}},"355":{"start":{"line":940,"column":6},"end":{"line":940,"column":46}},"356":{"start":{"line":941,"column":6},"end":{"line":941,"column":46}},"357":{"start":{"line":942,"column":6},"end":{"line":942,"column":62}},"358":{"start":{"line":943,"column":6},"end":{"line":943,"column":66}},"359":{"start":{"line":944,"column":6},"end":{"line":944,"column":61}},"360":{"start":{"line":945,"column":6},"end":{"line":950,"column":7}},"361":{"start":{"line":946,"column":8},"end":{"line":949,"column":9}},"362":{"start":{"line":947,"column":10},"end":{"line":947,"column":32}},"363":{"start":{"line":948,"column":10},"end":{"line":948,"column":36}},"364":{"start":{"line":952,"column":6},"end":{"line":961,"column":7}},"365":{"start":{"line":953,"column":8},"end":{"line":953,"column":97}},"366":{"start":{"line":954,"column":8},"end":{"line":958,"column":9}},"367":{"start":{"line":955,"column":10},"end":{"line":955,"column":41}},"368":{"start":{"line":957,"column":10},"end":{"line":957,"column":37}},"369":{"start":{"line":960,"column":8},"end":{"line":960,"column":35}},"370":{"start":{"line":964,"column":2},"end":{"line":964,"column":32}}},"fnMap":{"0":{"name":"(anonymous_0)","decl":{"start":{"line":6,"column":17},"end":{"line":6,"column":18}},"loc":{"start":{"line":6,"column":32},"end":{"line":965,"column":1}}},"1":{"name":"(anonymous_1)","decl":{"start":{"line":40,"column":4},"end":{"line":40,"column":5}},"loc":{"start":{"line":40,"column":19},"end":{"line":143,"column":5}}},"2":{"name":"(anonymous_2)","decl":{"start":{"line":126,"column":33},"end":{"line":126,"column":34}},"loc":{"start":{"line":126,"column":49},"end":{"line":142,"column":7}}},"3":{"name":"(anonymous_3)","decl":{"start":{"line":133,"column":23},"end":{"line":133,"column":24}},"loc":{"start":{"line":133,"column":35},"end":{"line":136,"column":13}}},"4":{"name":"(anonymous_4)","decl":{"start":{"line":146,"column":4},"end":{"line":146,"column":5}},"loc":{"start":{"line":146,"column":23},"end":{"line":153,"column":5}}},"5":{"name":"(anonymous_5)","decl":{"start":{"line":155,"column":4},"end":{"line":155,"column":5}},"loc":{"start":{"line":155,"column":39},"end":{"line":218,"column":5}}},"6":{"name":"(anonymous_6)","decl":{"start":{"line":222,"column":4},"end":{"line":222,"column":5}},"loc":{"start":{"line":222,"column":29},"end":{"line":258,"column":5}}},"7":{"name":"(anonymous_7)","decl":{"start":{"line":261,"column":4},"end":{"line":261,"column":5}},"loc":{"start":{"line":261,"column":27},"end":{"line":321,"column":5}}},"8":{"name":"(anonymous_8)","decl":{"start":{"line":327,"column":4},"end":{"line":327,"column":5}},"loc":{"start":{"line":327,"column":33},"end":{"line":349,"column":5}}},"9":{"name":"(anonymous_9)","decl":{"start":{"line":351,"column":4},"end":{"line":351,"column":5}},"loc":{"start":{"line":351,"column":42},"end":{"line":416,"column":5}}},"10":{"name":"(anonymous_10)","decl":{"start":{"line":367,"column":18},"end":{"line":367,"column":19}},"loc":{"start":{"line":367,"column":30},"end":{"line":398,"column":15}}},"11":{"name":"(anonymous_11)","decl":{"start":{"line":419,"column":4},"end":{"line":419,"column":5}},"loc":{"start":{"line":419,"column":26},"end":{"line":486,"column":5}}},"12":{"name":"(anonymous_12)","decl":{"start":{"line":488,"column":4},"end":{"line":488,"column":5}},"loc":{"start":{"line":488,"column":42},"end":{"line":528,"column":5}}},"13":{"name":"(anonymous_13)","decl":{"start":{"line":501,"column":14},"end":{"line":501,"column":15}},"loc":{"start":{"line":501,"column":26},"end":{"line":510,"column":11}}},"14":{"name":"(anonymous_14)","decl":{"start":{"line":531,"column":4},"end":{"line":531,"column":5}},"loc":{"start":{"line":531,"column":21},"end":{"line":619,"column":5}}},"15":{"name":"(anonymous_15)","decl":{"start":{"line":583,"column":23},"end":{"line":583,"column":24}},"loc":{"start":{"line":583,"column":35},"end":{"line":592,"column":7}}},"16":{"name":"(anonymous_16)","decl":{"start":{"line":623,"column":4},"end":{"line":623,"column":5}},"loc":{"start":{"line":623,"column":19},"end":{"line":833,"column":5}}},"17":{"name":"(anonymous_17)","decl":{"start":{"line":641,"column":8},"end":{"line":641,"column":9}},"loc":{"start":{"line":651,"column":29},"end":{"line":662,"column":9}}},"18":{"name":"(anonymous_18)","decl":{"start":{"line":826,"column":77},"end":{"line":826,"column":78}},"loc":{"start":{"line":826,"column":95},"end":{"line":831,"column":7}}},"19":{"name":"(anonymous_19)","decl":{"start":{"line":835,"column":4},"end":{"line":835,"column":5}},"loc":{"start":{"line":835,"column":85},"end":{"line":856,"column":5}}},"20":{"name":"(anonymous_20)","decl":{"start":{"line":858,"column":4},"end":{"line":858,"column":5}},"loc":{"start":{"line":858,"column":23},"end":{"line":860,"column":5}}},"21":{"name":"(anonymous_21)","decl":{"start":{"line":862,"column":4},"end":{"line":862,"column":5}},"loc":{"start":{"line":862,"column":21},"end":{"line":902,"column":5}}},"22":{"name":"(anonymous_22)","decl":{"start":{"line":866,"column":14},"end":{"line":866,"column":15}},"loc":{"start":{"line":866,"column":26},"end":{"line":868,"column":9}}},"23":{"name":"(anonymous_23)","decl":{"start":{"line":869,"column":13},"end":{"line":869,"column":14}},"loc":{"start":{"line":869,"column":28},"end":{"line":871,"column":9}}},"24":{"name":"(anonymous_24)","decl":{"start":{"line":872,"column":14},"end":{"line":872,"column":15}},"loc":{"start":{"line":872,"column":26},"end":{"line":874,"column":9}}},"25":{"name":"(anonymous_25)","decl":{"start":{"line":875,"column":18},"end":{"line":875,"column":19}},"loc":{"start":{"line":875,"column":30},"end":{"line":877,"column":9}}},"26":{"name":"(anonymous_26)","decl":{"start":{"line":878,"column":16},"end":{"line":878,"column":17}},"loc":{"start":{"line":878,"column":31},"end":{"line":880,"column":9}}},"27":{"name":"(anonymous_27)","decl":{"start":{"line":882,"column":16},"end":{"line":882,"column":17}},"loc":{"start":{"line":882,"column":31},"end":{"line":884,"column":11}}},"28":{"name":"(anonymous_28)","decl":{"start":{"line":886,"column":18},"end":{"line":886,"column":19}},"loc":{"start":{"line":886,"column":33},"end":{"line":888,"column":13}}},"29":{"name":"(anonymous_29)","decl":{"start":{"line":890,"column":20},"end":{"line":890,"column":21}},"loc":{"start":{"line":890,"column":35},"end":{"line":892,"column":15}}},"30":{"name":"(anonymous_30)","decl":{"start":{"line":893,"column":27},"end":{"line":893,"column":28}},"loc":{"start":{"line":893,"column":39},"end":{"line":897,"column":15}}},"31":{"name":"(anonymous_31)","decl":{"start":{"line":904,"column":4},"end":{"line":904,"column":5}},"loc":{"start":{"line":904,"column":57},"end":{"line":914,"column":5}}},"32":{"name":"(anonymous_32)","decl":{"start":{"line":917,"column":4},"end":{"line":917,"column":5}},"loc":{"start":{"line":917,"column":38},"end":{"line":962,"column":5}}}},"branchMap":{"0":{"loc":{"start":{"line":130,"column":8},"end":{"line":141,"column":9}},"type":"if","locations":[{"start":{"line":130,"column":8},"end":{"line":141,"column":9}},{"start":{"line":130,"column":8},"end":{"line":141,"column":9}}]},"1":{"loc":{"start":{"line":131,"column":10},"end":{"line":137,"column":11}},"type":"if","locations":[{"start":{"line":131,"column":10},"end":{"line":137,"column":11}},{"start":{"line":131,"column":10},"end":{"line":137,"column":11}}]},"2":{"loc":{"start":{"line":171,"column":6},"end":{"line":175,"column":7}},"type":"if","locations":[{"start":{"line":171,"column":6},"end":{"line":175,"column":7}},{"start":{"line":171,"column":6},"end":{"line":175,"column":7}}]},"3":{"loc":{"start":{"line":173,"column":13},"end":{"line":175,"column":7}},"type":"if","locations":[{"start":{"line":173,"column":13},"end":{"line":175,"column":7}},{"start":{"line":173,"column":13},"end":{"line":175,"column":7}}]},"4":{"loc":{"start":{"line":183,"column":8},"end":{"line":206,"column":9}},"type":"if","locations":[{"start":{"line":183,"column":8},"end":{"line":206,"column":9}},{"start":{"line":183,"column":8},"end":{"line":206,"column":9}}]},"5":{"loc":{"start":{"line":185,"column":10},"end":{"line":205,"column":11}},"type":"if","locations":[{"start":{"line":185,"column":10},"end":{"line":205,"column":11}},{"start":{"line":185,"column":10},"end":{"line":205,"column":11}}]},"6":{"loc":{"start":{"line":199,"column":14},"end":{"line":203,"column":15}},"type":"if","locations":[{"start":{"line":199,"column":14},"end":{"line":203,"column":15}},{"start":{"line":199,"column":14},"end":{"line":203,"column":15}}]},"7":{"loc":{"start":{"line":199,"column":18},"end":{"line":200,"column":74}},"type":"binary-expr","locations":[{"start":{"line":199,"column":19},"end":{"line":199,"column":87}},{"start":{"line":200,"column":16},"end":{"line":200,"column":74}}]},"8":{"loc":{"start":{"line":213,"column":10},"end":{"line":213,"column":65}},"type":"binary-expr","locations":[{"start":{"line":213,"column":10},"end":{"line":213,"column":32}},{"start":{"line":213,"column":36},"end":{"line":213,"column":65}}]},"9":{"loc":{"start":{"line":217,"column":6},"end":{"line":217,"column":43}},"type":"binary-expr","locations":[{"start":{"line":217,"column":6},"end":{"line":217,"column":18}},{"start":{"line":217,"column":22},"end":{"line":217,"column":43}}]},"10":{"loc":{"start":{"line":237,"column":6},"end":{"line":242,"column":7}},"type":"if","locations":[{"start":{"line":237,"column":6},"end":{"line":242,"column":7}},{"start":{"line":237,"column":6},"end":{"line":242,"column":7}}]},"11":{"loc":{"start":{"line":238,"column":21},"end":{"line":241,"column":21}},"type":"binary-expr","locations":[{"start":{"line":238,"column":21},"end":{"line":238,"column":40}},{"start":{"line":238,"column":45},"end":{"line":241,"column":20}}]},"12":{"loc":{"start":{"line":244,"column":18},"end":{"line":244,"column":94}},"type":"binary-expr","locations":[{"start":{"line":244,"column":18},"end":{"line":244,"column":42}},{"start":{"line":244,"column":46},"end":{"line":244,"column":70}},{"start":{"line":244,"column":74},"end":{"line":244,"column":94}}]},"13":{"loc":{"start":{"line":246,"column":6},"end":{"line":257,"column":7}},"type":"if","locations":[{"start":{"line":246,"column":6},"end":{"line":257,"column":7}},{"start":{"line":246,"column":6},"end":{"line":257,"column":7}}]},"14":{"loc":{"start":{"line":275,"column":6},"end":{"line":317,"column":7}},"type":"if","locations":[{"start":{"line":275,"column":6},"end":{"line":317,"column":7}},{"start":{"line":275,"column":6},"end":{"line":317,"column":7}}]},"15":{"loc":{"start":{"line":276,"column":8},"end":{"line":279,"column":9}},"type":"if","locations":[{"start":{"line":276,"column":8},"end":{"line":279,"column":9}},{"start":{"line":276,"column":8},"end":{"line":279,"column":9}}]},"16":{"loc":{"start":{"line":276,"column":14},"end":{"line":276,"column":82}},"type":"binary-expr","locations":[{"start":{"line":276,"column":14},"end":{"line":276,"column":48}},{"start":{"line":276,"column":52},"end":{"line":276,"column":82}}]},"17":{"loc":{"start":{"line":280,"column":13},"end":{"line":317,"column":7}},"type":"if","locations":[{"start":{"line":280,"column":13},"end":{"line":317,"column":7}},{"start":{"line":280,"column":13},"end":{"line":317,"column":7}}]},"18":{"loc":{"start":{"line":282,"column":8},"end":{"line":286,"column":9}},"type":"if","locations":[{"start":{"line":282,"column":8},"end":{"line":286,"column":9}},{"start":{"line":282,"column":8},"end":{"line":286,"column":9}}]},"19":{"loc":{"start":{"line":282,"column":12},"end":{"line":283,"column":59}},"type":"binary-expr","locations":[{"start":{"line":282,"column":12},"end":{"line":282,"column":29}},{"start":{"line":282,"column":33},"end":{"line":283,"column":59}}]},"20":{"loc":{"start":{"line":282,"column":35},"end":{"line":283,"column":58}},"type":"binary-expr","locations":[{"start":{"line":282,"column":35},"end":{"line":282,"column":87}},{"start":{"line":283,"column":10},"end":{"line":283,"column":58}}]},"21":{"loc":{"start":{"line":287,"column":13},"end":{"line":317,"column":7}},"type":"if","locations":[{"start":{"line":287,"column":13},"end":{"line":317,"column":7}},{"start":{"line":287,"column":13},"end":{"line":317,"column":7}}]},"22":{"loc":{"start":{"line":289,"column":8},"end":{"line":292,"column":9}},"type":"if","locations":[{"start":{"line":289,"column":8},"end":{"line":292,"column":9}},{"start":{"line":289,"column":8},"end":{"line":292,"column":9}}]},"23":{"loc":{"start":{"line":289,"column":12},"end":{"line":289,"column":104}},"type":"binary-expr","locations":[{"start":{"line":289,"column":12},"end":{"line":289,"column":29}},{"start":{"line":289,"column":33},"end":{"line":289,"column":104}}]},"24":{"loc":{"start":{"line":294,"column":8},"end":{"line":316,"column":9}},"type":"if","locations":[{"start":{"line":294,"column":8},"end":{"line":316,"column":9}},{"start":{"line":294,"column":8},"end":{"line":316,"column":9}}]},"25":{"loc":{"start":{"line":294,"column":12},"end":{"line":294,"column":80}},"type":"binary-expr","locations":[{"start":{"line":294,"column":12},"end":{"line":294,"column":46}},{"start":{"line":294,"column":50},"end":{"line":294,"column":80}}]},"26":{"loc":{"start":{"line":300,"column":12},"end":{"line":305,"column":13}},"type":"if","locations":[{"start":{"line":300,"column":12},"end":{"line":305,"column":13}},{"start":{"line":300,"column":12},"end":{"line":305,"column":13}}]},"27":{"loc":{"start":{"line":300,"column":16},"end":{"line":301,"column":62}},"type":"binary-expr","locations":[{"start":{"line":300,"column":16},"end":{"line":300,"column":68}},{"start":{"line":301,"column":14},"end":{"line":301,"column":62}}]},"28":{"loc":{"start":{"line":307,"column":10},"end":{"line":315,"column":11}},"type":"if","locations":[{"start":{"line":307,"column":10},"end":{"line":315,"column":11}},{"start":{"line":307,"column":10},"end":{"line":315,"column":11}}]},"29":{"loc":{"start":{"line":310,"column":14},"end":{"line":313,"column":15}},"type":"if","locations":[{"start":{"line":310,"column":14},"end":{"line":313,"column":15}},{"start":{"line":310,"column":14},"end":{"line":313,"column":15}}]},"30":{"loc":{"start":{"line":331,"column":21},"end":{"line":331,"column":50}},"type":"binary-expr","locations":[{"start":{"line":331,"column":21},"end":{"line":331,"column":31}},{"start":{"line":331,"column":35},"end":{"line":331,"column":50}}]},"31":{"loc":{"start":{"line":332,"column":20},"end":{"line":332,"column":41}},"type":"binary-expr","locations":[{"start":{"line":332,"column":20},"end":{"line":332,"column":27}},{"start":{"line":332,"column":31},"end":{"line":332,"column":41}}]},"32":{"loc":{"start":{"line":333,"column":30},"end":{"line":333,"column":66}},"type":"binary-expr","locations":[{"start":{"line":333,"column":30},"end":{"line":333,"column":34}},{"start":{"line":333,"column":38},"end":{"line":333,"column":60}},{"start":{"line":333,"column":64},"end":{"line":333,"column":66}}]},"33":{"loc":{"start":{"line":335,"column":8},"end":{"line":346,"column":9}},"type":"if","locations":[{"start":{"line":335,"column":8},"end":{"line":346,"column":9}},{"start":{"line":335,"column":8},"end":{"line":346,"column":9}}]},"34":{"loc":{"start":{"line":337,"column":15},"end":{"line":346,"column":9}},"type":"if","locations":[{"start":{"line":337,"column":15},"end":{"line":346,"column":9}},{"start":{"line":337,"column":15},"end":{"line":346,"column":9}}]},"35":{"loc":{"start":{"line":339,"column":15},"end":{"line":346,"column":9}},"type":"if","locations":[{"start":{"line":339,"column":15},"end":{"line":346,"column":9}},{"start":{"line":339,"column":15},"end":{"line":346,"column":9}}]},"36":{"loc":{"start":{"line":364,"column":10},"end":{"line":413,"column":11}},"type":"if","locations":[{"start":{"line":364,"column":10},"end":{"line":413,"column":11}},{"start":{"line":364,"column":10},"end":{"line":413,"column":11}}]},"37":{"loc":{"start":{"line":371,"column":16},"end":{"line":397,"column":17}},"type":"if","locations":[{"start":{"line":371,"column":16},"end":{"line":397,"column":17}},{"start":{"line":371,"column":16},"end":{"line":397,"column":17}}]},"38":{"loc":{"start":{"line":372,"column":18},"end":{"line":383,"column":19}},"type":"if","locations":[{"start":{"line":372,"column":18},"end":{"line":383,"column":19}},{"start":{"line":372,"column":18},"end":{"line":383,"column":19}}]},"39":{"loc":{"start":{"line":385,"column":18},"end":{"line":396,"column":19}},"type":"if","locations":[{"start":{"line":385,"column":18},"end":{"line":396,"column":19}},{"start":{"line":385,"column":18},"end":{"line":396,"column":19}}]},"40":{"loc":{"start":{"line":424,"column":19},"end":{"line":424,"column":89}},"type":"binary-expr","locations":[{"start":{"line":424,"column":19},"end":{"line":424,"column":78}},{"start":{"line":424,"column":82},"end":{"line":424,"column":89}}]},"41":{"loc":{"start":{"line":429,"column":24},"end":{"line":429,"column":47}},"type":"binary-expr","locations":[{"start":{"line":429,"column":24},"end":{"line":429,"column":42}},{"start":{"line":429,"column":46},"end":{"line":429,"column":47}}]},"42":{"loc":{"start":{"line":435,"column":8},"end":{"line":469,"column":9}},"type":"if","locations":[{"start":{"line":435,"column":8},"end":{"line":469,"column":9}},{"start":{"line":435,"column":8},"end":{"line":469,"column":9}}]},"43":{"loc":{"start":{"line":441,"column":15},"end":{"line":469,"column":9}},"type":"if","locations":[{"start":{"line":441,"column":15},"end":{"line":469,"column":9}},{"start":{"line":441,"column":15},"end":{"line":469,"column":9}}]},"44":{"loc":{"start":{"line":446,"column":15},"end":{"line":469,"column":9}},"type":"if","locations":[{"start":{"line":446,"column":15},"end":{"line":469,"column":9}},{"start":{"line":446,"column":15},"end":{"line":469,"column":9}}]},"45":{"loc":{"start":{"line":452,"column":15},"end":{"line":469,"column":9}},"type":"if","locations":[{"start":{"line":452,"column":15},"end":{"line":469,"column":9}},{"start":{"line":452,"column":15},"end":{"line":469,"column":9}}]},"46":{"loc":{"start":{"line":457,"column":15},"end":{"line":469,"column":9}},"type":"if","locations":[{"start":{"line":457,"column":15},"end":{"line":469,"column":9}},{"start":{"line":457,"column":15},"end":{"line":469,"column":9}}]},"47":{"loc":{"start":{"line":462,"column":15},"end":{"line":469,"column":9}},"type":"if","locations":[{"start":{"line":462,"column":15},"end":{"line":469,"column":9}},{"start":{"line":462,"column":15},"end":{"line":469,"column":9}}]},"48":{"loc":{"start":{"line":466,"column":10},"end":{"line":468,"column":11}},"type":"if","locations":[{"start":{"line":466,"column":10},"end":{"line":468,"column":11}},{"start":{"line":466,"column":10},"end":{"line":468,"column":11}}]},"49":{"loc":{"start":{"line":471,"column":8},"end":{"line":477,"column":9}},"type":"if","locations":[{"start":{"line":471,"column":8},"end":{"line":477,"column":9}},{"start":{"line":471,"column":8},"end":{"line":477,"column":9}}]},"50":{"loc":{"start":{"line":471,"column":12},"end":{"line":471,"column":72}},"type":"binary-expr","locations":[{"start":{"line":471,"column":12},"end":{"line":471,"column":31}},{"start":{"line":471,"column":35},"end":{"line":471,"column":72}}]},"51":{"loc":{"start":{"line":481,"column":8},"end":{"line":484,"column":9}},"type":"if","locations":[{"start":{"line":481,"column":8},"end":{"line":484,"column":9}},{"start":{"line":481,"column":8},"end":{"line":484,"column":9}}]},"52":{"loc":{"start":{"line":496,"column":27},"end":{"line":496,"column":126}},"type":"cond-expr","locations":[{"start":{"line":496,"column":39},"end":{"line":496,"column":84}},{"start":{"line":496,"column":87},"end":{"line":496,"column":126}}]},"53":{"loc":{"start":{"line":524,"column":8},"end":{"line":526,"column":9}},"type":"if","locations":[{"start":{"line":524,"column":8},"end":{"line":526,"column":9}},{"start":{"line":524,"column":8},"end":{"line":526,"column":9}}]},"54":{"loc":{"start":{"line":792,"column":35},"end":{"line":800,"column":7}},"type":"binary-expr","locations":[{"start":{"line":792,"column":35},"end":{"line":792,"column":69}},{"start":{"line":792,"column":73},"end":{"line":800,"column":7}}]},"55":{"loc":{"start":{"line":802,"column":6},"end":{"line":816,"column":7}},"type":"if","locations":[{"start":{"line":802,"column":6},"end":{"line":816,"column":7}},{"start":{"line":802,"column":6},"end":{"line":816,"column":7}}]},"56":{"loc":{"start":{"line":803,"column":8},"end":{"line":815,"column":9}},"type":"if","locations":[{"start":{"line":803,"column":8},"end":{"line":815,"column":9}},{"start":{"line":803,"column":8},"end":{"line":815,"column":9}}]},"57":{"loc":{"start":{"line":805,"column":15},"end":{"line":815,"column":9}},"type":"if","locations":[{"start":{"line":805,"column":15},"end":{"line":815,"column":9}},{"start":{"line":805,"column":15},"end":{"line":815,"column":9}}]},"58":{"loc":{"start":{"line":810,"column":12},"end":{"line":813,"column":13}},"type":"if","locations":[{"start":{"line":810,"column":12},"end":{"line":813,"column":13}},{"start":{"line":810,"column":12},"end":{"line":813,"column":13}}]},"59":{"loc":{"start":{"line":810,"column":16},"end":{"line":810,"column":69}},"type":"binary-expr","locations":[{"start":{"line":810,"column":16},"end":{"line":810,"column":24}},{"start":{"line":810,"column":28},"end":{"line":810,"column":69}}]},"60":{"loc":{"start":{"line":827,"column":8},"end":{"line":830,"column":9}},"type":"if","locations":[{"start":{"line":827,"column":8},"end":{"line":830,"column":9}},{"start":{"line":827,"column":8},"end":{"line":830,"column":9}}]},"61":{"loc":{"start":{"line":835,"column":21},"end":{"line":835,"column":50}},"type":"default-arg","locations":[{"start":{"line":835,"column":38},"end":{"line":835,"column":50}}]},"62":{"loc":{"start":{"line":835,"column":52},"end":{"line":835,"column":83}},"type":"default-arg","locations":[{"start":{"line":835,"column":70},"end":{"line":835,"column":83}}]},"63":{"loc":{"start":{"line":879,"column":17},"end":{"line":879,"column":53}},"type":"binary-expr","locations":[{"start":{"line":879,"column":17},"end":{"line":879,"column":41}},{"start":{"line":879,"column":45},"end":{"line":879,"column":53}}]},"64":{"loc":{"start":{"line":883,"column":19},"end":{"line":883,"column":64}},"type":"binary-expr","locations":[{"start":{"line":883,"column":19},"end":{"line":883,"column":48}},{"start":{"line":883,"column":52},"end":{"line":883,"column":64}}]},"65":{"loc":{"start":{"line":887,"column":21},"end":{"line":887,"column":60}},"type":"binary-expr","locations":[{"start":{"line":887,"column":21},"end":{"line":887,"column":51}},{"start":{"line":887,"column":55},"end":{"line":887,"column":60}}]},"66":{"loc":{"start":{"line":891,"column":23},"end":{"line":891,"column":60}},"type":"binary-expr","locations":[{"start":{"line":891,"column":23},"end":{"line":891,"column":50}},{"start":{"line":891,"column":54},"end":{"line":891,"column":60}}]},"67":{"loc":{"start":{"line":940,"column":10},"end":{"line":940,"column":45}},"type":"cond-expr","locations":[{"start":{"line":940,"column":28},"end":{"line":940,"column":41}},{"start":{"line":940,"column":44},"end":{"line":940,"column":45}}]},"68":{"loc":{"start":{"line":941,"column":10},"end":{"line":941,"column":45}},"type":"cond-expr","locations":[{"start":{"line":941,"column":28},"end":{"line":941,"column":41}},{"start":{"line":941,"column":44},"end":{"line":941,"column":45}}]},"69":{"loc":{"start":{"line":942,"column":14},"end":{"line":942,"column":61}},"type":"cond-expr","locations":[{"start":{"line":942,"column":36},"end":{"line":942,"column":53}},{"start":{"line":942,"column":56},"end":{"line":942,"column":61}}]},"70":{"loc":{"start":{"line":943,"column":15},"end":{"line":943,"column":65}},"type":"cond-expr","locations":[{"start":{"line":943,"column":38},"end":{"line":943,"column":56}},{"start":{"line":943,"column":59},"end":{"line":943,"column":65}}]},"71":{"loc":{"start":{"line":944,"column":14},"end":{"line":944,"column":60}},"type":"cond-expr","locations":[{"start":{"line":944,"column":36},"end":{"line":944,"column":52}},{"start":{"line":944,"column":55},"end":{"line":944,"column":60}}]},"72":{"loc":{"start":{"line":945,"column":6},"end":{"line":950,"column":7}},"type":"if","locations":[{"start":{"line":945,"column":6},"end":{"line":950,"column":7}},{"start":{"line":945,"column":6},"end":{"line":950,"column":7}}]},"73":{"loc":{"start":{"line":945,"column":10},"end":{"line":945,"column":25}},"type":"binary-expr","locations":[{"start":{"line":945,"column":10},"end":{"line":945,"column":15}},{"start":{"line":945,"column":19},"end":{"line":945,"column":25}}]},"74":{"loc":{"start":{"line":952,"column":6},"end":{"line":961,"column":7}},"type":"if","locations":[{"start":{"line":952,"column":6},"end":{"line":961,"column":7}},{"start":{"line":952,"column":6},"end":{"line":961,"column":7}}]},"75":{"loc":{"start":{"line":953,"column":20},"end":{"line":953,"column":96}},"type":"binary-expr","locations":[{"start":{"line":953,"column":20},"end":{"line":953,"column":44}},{"start":{"line":953,"column":48},"end":{"line":953,"column":72}},{"start":{"line":953,"column":76},"end":{"line":953,"column":96}}]},"76":{"loc":{"start":{"line":954,"column":8},"end":{"line":958,"column":9}},"type":"if","locations":[{"start":{"line":954,"column":8},"end":{"line":958,"column":9}},{"start":{"line":954,"column":8},"end":{"line":958,"column":9}}]},"77":{"loc":{"start":{"line":955,"column":10},"end":{"line":955,"column":40}},"type":"binary-expr","locations":[{"start":{"line":955,"column":10},"end":{"line":955,"column":22}},{"start":{"line":955,"column":26},"end":{"line":955,"column":40}}]}},"s":{"0":1,"1":2,"2":2,"3":2,"4":2,"5":2,"6":2,"7":2,"8":2,"9":2,"10":2,"11":2,"12":2,"13":2,"14":2,"15":2,"16":2,"17":2,"18":2,"19":2,"20":2,"21":2,"22":2,"23":2,"24":2,"25":2,"26":0,"27":0,"28":0,"29":0,"30":0,"31":0,"32":0,"33":0,"34":0,"35":0,"36":1,"37":1,"38":1,"39":2,"40":0,"41":0,"42":0,"43":0,"44":0,"45":0,"46":0,"47":0,"48":0,"49":0,"50":0,"51":0,"52":0,"53":0,"54":0,"55":0,"56":0,"57":0,"58":0,"59":0,"60":0,"61":0,"62":0,"63":0,"64":0,"65":0,"66":0,"67":0,"68":0,"69":0,"70":0,"71":0,"72":0,"73":0,"74":0,"75":0,"76":0,"77":0,"78":0,"79":0,"80":0,"81":0,"82":0,"83":0,"84":0,"85":0,"86":0,"87":0,"88":2,"89":2,"90":2,"91":2,"92":2,"93":2,"94":2,"95":2,"96":2,"97":2,"98":1,"99":1,"100":1,"101":1,"102":0,"103":0,"104":0,"105":0,"106":1,"107":0,"108":0,"109":0,"110":0,"111":1,"112":1,"113":1,"114":0,"115":0,"116":0,"117":0,"118":0,"119":0,"120":0,"121":0,"122":0,"123":0,"124":0,"125":0,"126":2,"127":2,"128":8,"129":8,"130":21,"131":21,"132":21,"133":21,"134":21,"135":21,"136":0,"137":21,"138":7,"139":14,"140":0,"141":0,"142":14,"143":14,"144":14,"145":8,"146":0,"147":0,"148":0,"149":0,"150":0,"151":0,"152":0,"153":0,"154":0,"155":0,"156":0,"157":0,"158":0,"159":0,"160":0,"161":0,"162":0,"163":0,"164":0,"165":0,"166":0,"167":0,"168":0,"169":0,"170":0,"171":1,"172":1,"173":1,"174":1,"175":1,"176":1,"177":1,"178":1,"179":1,"180":1,"181":1,"182":1,"183":6,"184":6,"185":1,"186":1,"187":1,"188":1,"189":1,"190":5,"191":1,"192":1,"193":1,"194":1,"195":4,"196":1,"197":1,"198":1,"199":1,"200":1,"201":3,"202":1,"203":1,"204":1,"205":1,"206":2,"207":1,"208":1,"209":1,"210":1,"211":1,"212":1,"213":1,"214":1,"215":1,"216":0,"217":6,"218":1,"219":5,"220":5,"221":5,"222":1,"223":1,"224":6,"225":6,"226":6,"227":0,"228":0,"229":0,"230":0,"231":0,"232":0,"233":0,"234":0,"235":0,"236":0,"237":0,"238":0,"239":0,"240":0,"241":0,"242":0,"243":0,"244":0,"245":0,"246":0,"247":0,"248":0,"249":0,"250":0,"251":0,"252":0,"253":0,"254":0,"255":0,"256":0,"257":0,"258":0,"259":0,"260":0,"261":0,"262":0,"263":0,"264":0,"265":0,"266":0,"267":0,"268":0,"269":0,"270":0,"271":0,"272":0,"273":0,"274":0,"275":0,"276":0,"277":0,"278":0,"279":0,"280":0,"281":0,"282":0,"283":0,"284":0,"285":0,"286":0,"287":0,"288":0,"289":0,"290":0,"291":0,"292":0,"293":0,"294":0,"295":0,"296":0,"297":0,"298":0,"299":0,"300":0,"301":0,"302":0,"303":0,"304":0,"305":0,"306":0,"307":0,"308":0,"309":0,"310":0,"311":0,"312":0,"313":0,"314":0,"315":0,"316":0,"317":0,"318":0,"319":0,"320":0,"321":0,"322":0,"323":0,"324":0,"325":0,"326":0,"327":0,"328":0,"329":0,"330":0,"331":0,"332":0,"333":0,"334":0,"335":0,"336":0,"337":0,"338":0,"339":0,"340":0,"341":0,"342":0,"343":0,"344":0,"345":0,"346":0,"347":0,"348":0,"349":0,"350":0,"351":0,"352":0,"353":0,"354":0,"355":0,"356":0,"357":0,"358":0,"359":0,"360":0,"361":0,"362":0,"363":0,"364":0,"365":0,"366":0,"367":0,"368":0,"369":0,"370":1},"f":{"0":1,"1":2,"2":0,"3":0,"4":1,"5":0,"6":0,"7":2,"8":8,"9":0,"10":0,"11":1,"12":0,"13":0,"14":0,"15":0,"16":0,"17":0,"18":0,"19":0,"20":0,"21":0,"22":0,"23":0,"24":0,"25":0,"26":0,"27":0,"28":0,"29":0,"30":0,"31":0,"32":0},"b":{"0":[0,0],"1":[0,0],"2":[0,0],"3":[0,0],"4":[0,0],"5":[0,0],"6":[0,0],"7":[0,0],"8":[0,0],"9":[0,0],"10":[0,0],"11":[0,0],"12":[0,0,0],"13":[0,0],"14":[1,1],"15":[1,0],"16":[1,0],"17":[0,1],"18":[0,0],"19":[0,0],"20":[0,0],"21":[0,1],"22":[0,0],"23":[0,0],"24":[1,0],"25":[1,1],"26":[0,0],"27":[0,0],"28":[0,0],"29":[0,0],"30":[21,21],"31":[21,21],"32":[21,21,21],"33":[0,21],"34":[7,14],"35":[0,14],"36":[0,0],"37":[0,0],"38":[0,0],"39":[0,0],"40":[1,0],"41":[1,0],"42":[1,5],"43":[1,4],"44":[1,3],"45":[1,2],"46":[1,1],"47":[1,0],"48":[0,1],"49":[1,5],"50":[6,1],"51":[6,0],"52":[0,0],"53":[0,0],"54":[0,0],"55":[0,0],"56":[0,0],"57":[0,0],"58":[0,0],"59":[0,0],"60":[0,0],"61":[0],"62":[0],"63":[0,0],"64":[0,0],"65":[0,0],"66":[0,0],"67":[0,0],"68":[0,0],"69":[0,0],"70":[0,0],"71":[0,0],"72":[0,0],"73":[0,0],"74":[0,0],"75":[0,0,0],"76":[0,0],"77":[0,0]},"_coverageSchema":"332fd63041d2c1bcb487cc26dd0d5f7d97098a6c","hash":"dc55cf3bb0994bcbad1bfefeaf228fc5e2f71816"}
}
