TN:
SF:/opt/lampp/htdocs/standard-period-selector/src/standard-period-selector.js
FN:6,(anonymous_0)
FN:40,(anonymous_1)
FN:126,(anonymous_2)
FN:133,(anonymous_3)
FN:146,(anonymous_4)
FN:155,(anonymous_5)
FN:222,(anonymous_6)
FN:261,(anonymous_7)
FN:327,(anonymous_8)
FN:351,(anonymous_9)
FN:367,(anonymous_10)
FN:419,(anonymous_11)
FN:488,(anonymous_12)
FN:501,(anonymous_13)
FN:531,(anonymous_14)
FN:583,(anonymous_15)
FN:623,(anonymous_16)
FN:641,(anonymous_17)
FN:826,(anonymous_18)
FN:835,(anonymous_19)
FN:858,(anonymous_20)
FN:862,(anonymous_21)
FN:866,(anonymous_22)
FN:869,(anonymous_23)
FN:872,(anonymous_24)
FN:875,(anonymous_25)
FN:878,(anonymous_26)
FN:882,(anonymous_27)
FN:886,(anonymous_28)
FN:890,(anonymous_29)
FN:893,(anonymous_30)
FN:904,(anonymous_31)
FN:917,(anonymous_32)
FNF:33
FNH:6
FNDA:1,(anonymous_0)
FNDA:2,(anonymous_1)
FNDA:0,(anonymous_2)
FNDA:0,(anonymous_3)
FNDA:1,(anonymous_4)
FNDA:0,(anonymous_5)
FNDA:0,(anonymous_6)
FNDA:2,(anonymous_7)
FNDA:8,(anonymous_8)
FNDA:0,(anonymous_9)
FNDA:0,(anonymous_10)
FNDA:1,(anonymous_11)
FNDA:0,(anonymous_12)
FNDA:0,(anonymous_13)
FNDA:0,(anonymous_14)
FNDA:0,(anonymous_15)
FNDA:0,(anonymous_16)
FNDA:0,(anonymous_17)
FNDA:0,(anonymous_18)
FNDA:0,(anonymous_19)
FNDA:0,(anonymous_20)
FNDA:0,(anonymous_21)
FNDA:0,(anonymous_22)
FNDA:0,(anonymous_23)
FNDA:0,(anonymous_24)
FNDA:0,(anonymous_25)
FNDA:0,(anonymous_26)
FNDA:0,(anonymous_27)
FNDA:0,(anonymous_28)
FNDA:0,(anonymous_29)
FNDA:0,(anonymous_30)
FNDA:0,(anonymous_31)
FNDA:0,(anonymous_32)
DA:6,1
DA:44,2
DA:45,2
DA:46,2
DA:47,2
DA:48,2
DA:49,2
DA:50,2
DA:51,2
DA:52,2
DA:54,2
DA:55,2
DA:56,2
DA:57,2
DA:58,2
DA:59,2
DA:60,2
DA:61,2
DA:62,2
DA:63,2
DA:64,2
DA:65,2
DA:70,2
DA:116,2
DA:124,2
DA:126,2
DA:127,0
DA:128,0
DA:130,0
DA:131,0
DA:132,0
DA:133,0
DA:134,0
DA:135,0
DA:139,0
DA:140,0
DA:147,1
DA:148,1
DA:150,1
DA:151,2
DA:156,0
DA:158,0
DA:159,0
DA:160,0
DA:162,0
DA:163,0
DA:164,0
DA:165,0
DA:168,0
DA:169,0
DA:171,0
DA:172,0
DA:173,0
DA:174,0
DA:177,0
DA:178,0
DA:179,0
DA:180,0
DA:181,0
DA:183,0
DA:185,0
DA:186,0
DA:192,0
DA:198,0
DA:199,0
DA:201,0
DA:209,0
DA:210,0
DA:211,0
DA:213,0
DA:216,0
DA:217,0
DA:224,0
DA:225,0
DA:227,0
DA:233,0
DA:234,0
DA:237,0
DA:238,0
DA:244,0
DA:246,0
DA:247,0
DA:248,0
DA:249,0
DA:250,0
DA:251,0
DA:252,0
DA:256,0
DA:262,2
DA:265,2
DA:266,2
DA:267,2
DA:268,2
DA:269,2
DA:270,2
DA:271,2
DA:272,2
DA:275,2
DA:276,1
DA:277,1
DA:278,1
DA:280,1
DA:281,0
DA:282,0
DA:284,0
DA:285,0
DA:287,1
DA:288,0
DA:289,0
DA:290,0
DA:291,0
DA:294,1
DA:295,1
DA:296,1
DA:298,0
DA:299,0
DA:300,0
DA:302,0
DA:303,0
DA:304,0
DA:307,0
DA:308,0
DA:309,0
DA:310,0
DA:311,0
DA:312,0
DA:319,2
DA:320,2
DA:328,8
DA:329,8
DA:330,21
DA:331,21
DA:332,21
DA:333,21
DA:334,21
DA:335,21
DA:336,0
DA:337,21
DA:338,7
DA:339,14
DA:340,0
DA:341,0
DA:343,14
DA:344,14
DA:345,14
DA:348,8
DA:352,0
DA:354,0
DA:356,0
DA:357,0
DA:358,0
DA:359,0
DA:360,0
DA:361,0
DA:362,0
DA:363,0
DA:364,0
DA:365,0
DA:368,0
DA:369,0
DA:370,0
DA:371,0
DA:372,0
DA:376,0
DA:382,0
DA:385,0
DA:389,0
DA:395,0
DA:402,0
DA:411,0
DA:412,0
DA:421,1
DA:422,1
DA:423,1
DA:424,1
DA:425,1
DA:426,1
DA:427,1
DA:428,1
DA:429,1
DA:430,1
DA:431,1
DA:433,1
DA:434,6
DA:435,6
DA:436,1
DA:437,1
DA:438,1
DA:439,1
DA:440,1
DA:441,5
DA:442,1
DA:443,1
DA:444,1
DA:445,1
DA:446,4
DA:447,1
DA:448,1
DA:449,1
DA:450,1
DA:451,1
DA:452,3
DA:453,1
DA:454,1
DA:455,1
DA:456,1
DA:457,2
DA:458,1
DA:459,1
DA:460,1
DA:461,1
DA:462,1
DA:463,1
DA:464,1
DA:465,1
DA:466,1
DA:467,0
DA:471,6
DA:472,1
DA:474,5
DA:475,5
DA:476,5
DA:479,1
DA:480,1
DA:481,6
DA:482,6
DA:483,6
DA:489,0
DA:491,0
DA:494,0
DA:495,0
DA:496,0
DA:497,0
DA:498,0
DA:502,0
DA:503,0
DA:504,0
DA:505,0
DA:513,0
DA:524,0
DA:525,0
DA:532,0
DA:540,0
DA:546,0
DA:552,0
DA:560,0
DA:566,0
DA:570,0
DA:576,0
DA:580,0
DA:583,0
DA:584,0
DA:585,0
DA:586,0
DA:587,0
DA:593,0
DA:603,0
DA:605,0
DA:614,0
DA:615,0
DA:616,0
DA:617,0
DA:618,0
DA:624,0
DA:625,0
DA:626,0
DA:630,0
DA:652,0
DA:653,0
DA:654,0
DA:655,0
DA:656,0
DA:657,0
DA:658,0
DA:659,0
DA:660,0
DA:661,0
DA:664,0
DA:665,0
DA:666,0
DA:667,0
DA:668,0
DA:669,0
DA:670,0
DA:671,0
DA:672,0
DA:673,0
DA:790,0
DA:791,0
DA:792,0
DA:801,0
DA:802,0
DA:803,0
DA:804,0
DA:805,0
DA:806,0
DA:808,0
DA:809,0
DA:810,0
DA:811,0
DA:812,0
DA:819,0
DA:820,0
DA:821,0
DA:822,0
DA:824,0
DA:826,0
DA:827,0
DA:828,0
DA:832,0
DA:838,0
DA:839,0
DA:842,0
DA:844,0
DA:845,0
DA:847,0
DA:848,0
DA:849,0
DA:851,0
DA:852,0
DA:859,0
DA:863,0
DA:864,0
DA:865,0
DA:867,0
DA:870,0
DA:873,0
DA:876,0
DA:879,0
DA:883,0
DA:887,0
DA:891,0
DA:894,0
DA:895,0
DA:896,0
DA:905,0
DA:906,0
DA:907,0
DA:908,0
DA:909,0
DA:911,0
DA:913,0
DA:918,0
DA:919,0
DA:920,0
DA:924,0
DA:925,0
DA:926,0
DA:928,0
DA:929,0
DA:930,0
DA:932,0
DA:933,0
DA:935,0
DA:938,0
DA:940,0
DA:941,0
DA:942,0
DA:943,0
DA:944,0
DA:945,0
DA:946,0
DA:947,0
DA:948,0
DA:952,0
DA:953,0
DA:954,0
DA:955,0
DA:957,0
DA:960,0
DA:964,1
LF:371
LH:121
BRDA:130,0,0,0
BRDA:130,0,1,0
BRDA:131,1,0,0
BRDA:131,1,1,0
BRDA:171,2,0,0
BRDA:171,2,1,0
BRDA:173,3,0,0
BRDA:173,3,1,0
BRDA:183,4,0,0
BRDA:183,4,1,0
BRDA:185,5,0,0
BRDA:185,5,1,0
BRDA:199,6,0,0
BRDA:199,6,1,0
BRDA:199,7,0,0
BRDA:199,7,1,0
BRDA:213,8,0,0
BRDA:213,8,1,0
BRDA:217,9,0,0
BRDA:217,9,1,0
BRDA:237,10,0,0
BRDA:237,10,1,0
BRDA:238,11,0,0
BRDA:238,11,1,0
BRDA:244,12,0,0
BRDA:244,12,1,0
BRDA:244,12,2,0
BRDA:246,13,0,0
BRDA:246,13,1,0
BRDA:275,14,0,1
BRDA:275,14,1,1
BRDA:276,15,0,1
BRDA:276,15,1,0
BRDA:276,16,0,1
BRDA:276,16,1,0
BRDA:280,17,0,0
BRDA:280,17,1,1
BRDA:282,18,0,0
BRDA:282,18,1,0
BRDA:282,19,0,0
BRDA:282,19,1,0
BRDA:282,20,0,0
BRDA:282,20,1,0
BRDA:287,21,0,0
BRDA:287,21,1,1
BRDA:289,22,0,0
BRDA:289,22,1,0
BRDA:289,23,0,0
BRDA:289,23,1,0
BRDA:294,24,0,1
BRDA:294,24,1,0
BRDA:294,25,0,1
BRDA:294,25,1,1
BRDA:300,26,0,0
BRDA:300,26,1,0
BRDA:300,27,0,0
BRDA:300,27,1,0
BRDA:307,28,0,0
BRDA:307,28,1,0
BRDA:310,29,0,0
BRDA:310,29,1,0
BRDA:331,30,0,21
BRDA:331,30,1,21
BRDA:332,31,0,21
BRDA:332,31,1,21
BRDA:333,32,0,21
BRDA:333,32,1,21
BRDA:333,32,2,21
BRDA:335,33,0,0
BRDA:335,33,1,21
BRDA:337,34,0,7
BRDA:337,34,1,14
BRDA:339,35,0,0
BRDA:339,35,1,14
BRDA:364,36,0,0
BRDA:364,36,1,0
BRDA:371,37,0,0
BRDA:371,37,1,0
BRDA:372,38,0,0
BRDA:372,38,1,0
BRDA:385,39,0,0
BRDA:385,39,1,0
BRDA:424,40,0,1
BRDA:424,40,1,0
BRDA:429,41,0,1
BRDA:429,41,1,0
BRDA:435,42,0,1
BRDA:435,42,1,5
BRDA:441,43,0,1
BRDA:441,43,1,4
BRDA:446,44,0,1
BRDA:446,44,1,3
BRDA:452,45,0,1
BRDA:452,45,1,2
BRDA:457,46,0,1
BRDA:457,46,1,1
BRDA:462,47,0,1
BRDA:462,47,1,0
BRDA:466,48,0,0
BRDA:466,48,1,1
BRDA:471,49,0,1
BRDA:471,49,1,5
BRDA:471,50,0,6
BRDA:471,50,1,1
BRDA:481,51,0,6
BRDA:481,51,1,0
BRDA:496,52,0,0
BRDA:496,52,1,0
BRDA:524,53,0,0
BRDA:524,53,1,0
BRDA:792,54,0,0
BRDA:792,54,1,0
BRDA:802,55,0,0
BRDA:802,55,1,0
BRDA:803,56,0,0
BRDA:803,56,1,0
BRDA:805,57,0,0
BRDA:805,57,1,0
BRDA:810,58,0,0
BRDA:810,58,1,0
BRDA:810,59,0,0
BRDA:810,59,1,0
BRDA:827,60,0,0
BRDA:827,60,1,0
BRDA:835,61,0,0
BRDA:835,62,0,0
BRDA:879,63,0,0
BRDA:879,63,1,0
BRDA:883,64,0,0
BRDA:883,64,1,0
BRDA:887,65,0,0
BRDA:887,65,1,0
BRDA:891,66,0,0
BRDA:891,66,1,0
BRDA:940,67,0,0
BRDA:940,67,1,0
BRDA:941,68,0,0
BRDA:941,68,1,0
BRDA:942,69,0,0
BRDA:942,69,1,0
BRDA:943,70,0,0
BRDA:943,70,1,0
BRDA:944,71,0,0
BRDA:944,71,1,0
BRDA:945,72,0,0
BRDA:945,72,1,0
BRDA:945,73,0,0
BRDA:945,73,1,0
BRDA:952,74,0,0
BRDA:952,74,1,0
BRDA:953,75,0,0
BRDA:953,75,1,0
BRDA:953,75,2,0
BRDA:954,76,0,0
BRDA:954,76,1,0
BRDA:955,77,0,0
BRDA:955,77,1,0
BRF:157
BRH:39
end_of_record
