TN:
SF:/home/debayansingha/Desktop/standard-period-selector-ext/src/standard-period-selector.js
FN:4,(anonymous_1)
FN:39,(anonymous_2)
FN:54,(anonymous_3)
FN:56,(anonymous_4)
FN:58,(anonymous_5)
FN:62,(anonymous_6)
FN:64,(anonymous_7)
FN:69,(anonymous_8)
FN:71,(anonymous_9)
FN:75,(anonymous_10)
FNF:10
FNH:2
FNDA:2,(anonymous_1)
FNDA:2,(anonymous_2)
FNDA:0,(anonymous_3)
FNDA:0,(anonymous_4)
FNDA:0,(anonymous_5)
FNDA:0,(anonymous_6)
FNDA:0,(anonymous_7)
FNDA:0,(anonymous_8)
FNDA:0,(anonymous_9)
FNDA:0,(anonymous_10)
DA:5,2
DA:6,2
DA:7,2
DA:8,2
DA:9,2
DA:10,2
DA:11,2
DA:36,2
DA:40,2
DA:41,2
DA:42,2
DA:44,2
DA:45,8
DA:46,6
DA:50,2
DA:51,2
DA:59,0
DA:63,0
DA:78,2
DA:79,2
DA:81,0
LF:21
LH:18
BRDA:45,1,0,6
BRDA:45,1,1,2
BRDA:78,2,0,2
BRDA:78,2,1,0
BRDA:78,3,0,2
BRDA:78,3,1,2
BRF:6
BRH:5
end_of_record
